2018-01-26 10:01:12,008-0300 INFO  [jetty-main-1]  org.sonatype.nexus.events.EventSubscriberHost - Initialized
2018-01-26 10:01:12,011-0300 INFO  [jetty-main-1]  org.sonatype.nexus.NxApplication - 
-------------------------------------------------

Initializing Nexus Repository Manager OSS 2.14.5-02

-------------------------------------------------
2018-01-26 10:01:12,012-0300 INFO  [jetty-main-1]  org.sonatype.nexus.NxApplication - Activating locally installed plugins...
2018-01-26 10:01:13,701-0300 INFO  [jetty-main-1]  com.sun.jersey.server.impl.application.WebApplicationImpl - Initiating Jersey application, version 'Jersey: 1.17.1 02/28/2013 12:47 PM'
2018-01-26 10:01:16,041-0300 INFO  [jetty-main-1]  org.sonatype.nexus.kazuki.KazukiPlugin - Kazuki version: 0.1.8
2018-01-26 10:01:17,508-0300 INFO  [jetty-main-1]  org.sonatype.nexus.proxy.registry.DefaultRepositoryTypeRegistry - Registered Repository type RepositoryType=(org.sonatype.nexus.proxy.repository.WebSiteRepository:site).
2018-01-26 10:01:17,632-0300 INFO  [jetty-main-1]  org.sonatype.nexus.proxy.registry.DefaultRepositoryTypeRegistry - Registered Repository type RepositoryType=(org.sonatype.nexus.proxy.repository.GroupRepository:npm-group).
2018-01-26 10:01:17,633-0300 INFO  [jetty-main-1]  org.sonatype.nexus.proxy.registry.DefaultRepositoryTypeRegistry - Registered Repository type RepositoryType=(org.sonatype.nexus.proxy.repository.Repository:npm-hosted).
2018-01-26 10:01:17,633-0300 INFO  [jetty-main-1]  org.sonatype.nexus.proxy.registry.DefaultRepositoryTypeRegistry - Registered Repository type RepositoryType=(org.sonatype.nexus.proxy.repository.Repository:npm-proxy).
2018-01-26 10:01:17,739-0300 INFO  [jetty-main-1]  org.sonatype.nexus.proxy.registry.DefaultRepositoryTypeRegistry - Registered Repository type RepositoryType=(org.sonatype.nexus.proxy.repository.ShadowRepository:nuget-shadow).
2018-01-26 10:01:17,739-0300 INFO  [jetty-main-1]  org.sonatype.nexus.proxy.registry.DefaultRepositoryTypeRegistry - Registered Repository type RepositoryType=(org.sonatype.nexus.proxy.repository.GroupRepository:nuget-group).
2018-01-26 10:01:17,739-0300 INFO  [jetty-main-1]  org.sonatype.nexus.proxy.registry.DefaultRepositoryTypeRegistry - Registered Repository type RepositoryType=(org.sonatype.nexus.proxy.repository.Repository:nuget-proxy).
2018-01-26 10:01:18,575-0300 INFO  [jetty-main-1]  org.sonatype.nexus.proxy.registry.DefaultRepositoryTypeRegistry - Registered Repository type RepositoryType=(org.sonatype.nexus.proxy.repository.GroupRepository:rubygems-group).
2018-01-26 10:01:18,575-0300 INFO  [jetty-main-1]  org.sonatype.nexus.proxy.registry.DefaultRepositoryTypeRegistry - Registered Repository type RepositoryType=(org.sonatype.nexus.proxy.repository.Repository:rubygems-hosted).
2018-01-26 10:01:18,576-0300 INFO  [jetty-main-1]  org.sonatype.nexus.proxy.registry.DefaultRepositoryTypeRegistry - Registered Repository type RepositoryType=(org.sonatype.nexus.proxy.repository.Repository:rubygems-proxy).
2018-01-26 10:01:19,925-0300 INFO  [jetty-main-1]  org.sonatype.nexus.NxApplication - Plugin manager request "ACTIVATE" on plugin "org.sonatype.nexus.plugins:nexus-atlas-plugin:2.14.5-02" was successful.
2018-01-26 10:01:19,926-0300 INFO  [jetty-main-1]  org.sonatype.nexus.NxApplication - Plugin manager request "ACTIVATE" on plugin "org.sonatype.nexus.plugins:nexus-rrb-plugin:2.14.5-02" was successful.
2018-01-26 10:01:19,926-0300 INFO  [jetty-main-1]  org.sonatype.nexus.NxApplication - Plugin manager request "ACTIVATE" on plugin "org.sonatype.nexus.plugins:nexus-h2-plugin:2.14.5-02" was successful.
2018-01-26 10:01:19,926-0300 INFO  [jetty-main-1]  org.sonatype.nexus.NxApplication - Plugin manager request "ACTIVATE" on plugin "com.sonatype.nexus.plugins:nexus-outreach-plugin:2.14.5-02" was successful.
2018-01-26 10:01:19,926-0300 INFO  [jetty-main-1]  org.sonatype.nexus.NxApplication - Plugin manager request "ACTIVATE" on plugin "org.sonatype.nexus.plugins:nexus-siesta-plugin:2.14.5-02" was successful.
2018-01-26 10:01:19,926-0300 INFO  [jetty-main-1]  org.sonatype.nexus.NxApplication - Plugin manager request "ACTIVATE" on plugin "org.sonatype.nexus.plugins:nexus-archetype-plugin:2.14.5-02" was successful.
2018-01-26 10:01:19,926-0300 INFO  [jetty-main-1]  org.sonatype.nexus.NxApplication - Plugin manager request "ACTIVATE" on plugin "org.sonatype.nexus.plugins:nexus-groovy-plugin:2.14.5-02" was successful.
2018-01-26 10:01:19,926-0300 INFO  [jetty-main-1]  org.sonatype.nexus.NxApplication - Plugin manager request "ACTIVATE" on plugin "org.sonatype.nexus.plugins:nexus-crypto-plugin:2.14.5-02" was successful.
2018-01-26 10:01:19,926-0300 INFO  [jetty-main-1]  org.sonatype.nexus.NxApplication - Plugin manager request "ACTIVATE" on plugin "org.sonatype.nexus.plugins:nexus-content-plugin:2.14.5-02" was successful.
2018-01-26 10:01:19,926-0300 INFO  [jetty-main-1]  org.sonatype.nexus.NxApplication - Plugin manager request "ACTIVATE" on plugin "org.sonatype.nexus.plugins:nexus-lvo-plugin:2.14.5-02" was successful.
2018-01-26 10:01:19,926-0300 INFO  [jetty-main-1]  org.sonatype.nexus.NxApplication - Plugin manager request "ACTIVATE" on plugin "org.sonatype.nexus.plugins:nexus-orient-plugin:2.14.5-02" was successful.
2018-01-26 10:01:19,926-0300 INFO  [jetty-main-1]  org.sonatype.nexus.NxApplication - Plugin manager request "ACTIVATE" on plugin "org.sonatype.nexus.plugins:nexus-webresources-plugin:2.14.5-02" was successful.
2018-01-26 10:01:19,926-0300 INFO  [jetty-main-1]  org.sonatype.nexus.NxApplication - Plugin manager request "ACTIVATE" on plugin "org.sonatype.nexus.plugins:nexus-site-repository-plugin:2.14.5-02" was successful.
2018-01-26 10:01:19,926-0300 INFO  [jetty-main-1]  org.sonatype.nexus.NxApplication - Plugin manager request "ACTIVATE" on plugin "org.sonatype.nexus.plugins:nexus-rutauth-plugin:2.14.5-02" was successful.
2018-01-26 10:01:19,926-0300 INFO  [jetty-main-1]  org.sonatype.nexus.NxApplication - Plugin manager request "ACTIVATE" on plugin "org.sonatype.nexus.plugins:nexus-capabilities-plugin:2.14.5-02" was successful.
2018-01-26 10:01:19,926-0300 INFO  [jetty-main-1]  org.sonatype.nexus.NxApplication - Plugin manager request "ACTIVATE" on plugin "org.sonatype.nexus.plugins:nexus-npm-repository-plugin:2.14.5-02" was successful.
2018-01-26 10:01:19,927-0300 INFO  [jetty-main-1]  org.sonatype.nexus.NxApplication - Plugin manager request "ACTIVATE" on plugin "com.sonatype.nexus.plugins:nexus-nuget-plugin:2.14.5-02" was successful.
2018-01-26 10:01:19,928-0300 INFO  [jetty-main-1]  org.sonatype.nexus.NxApplication - Plugin manager request "ACTIVATE" on plugin "org.sonatype.nexus.plugins:nexus-wonderland-plugin:2.14.5-02" was successful.
2018-01-26 10:01:19,928-0300 INFO  [jetty-main-1]  org.sonatype.nexus.NxApplication - Plugin manager request "ACTIVATE" on plugin "org.sonatype.nexus.plugins:nexus-yum-repository-plugin:2.14.5-02" was successful.
2018-01-26 10:01:19,928-0300 INFO  [jetty-main-1]  org.sonatype.nexus.NxApplication - Plugin manager request "ACTIVATE" on plugin "org.sonatype.nexus.plugins:nexus-maven-bridge-plugin:2.14.5-02" was successful.
2018-01-26 10:01:19,929-0300 INFO  [jetty-main-1]  org.sonatype.nexus.NxApplication - Plugin manager request "ACTIVATE" on plugin "com.sonatype.nexus.plugins:nexus-analytics-plugin:2.14.5-02" was successful.
2018-01-26 10:01:19,929-0300 INFO  [jetty-main-1]  org.sonatype.nexus.NxApplication - Plugin manager request "ACTIVATE" on plugin "org.sonatype.nexus.plugins:nexus-logging-plugin:2.14.5-02" was successful.
2018-01-26 10:01:19,930-0300 INFO  [jetty-main-1]  org.sonatype.nexus.NxApplication - Plugin manager request "ACTIVATE" on plugin "org.sonatype.nexus.plugins:nexus-indexer-lucene-plugin:2.14.5-02" was successful.
2018-01-26 10:01:19,930-0300 INFO  [jetty-main-1]  org.sonatype.nexus.NxApplication - Plugin manager request "ACTIVATE" on plugin "org.sonatype.nexus.plugins:nexus-ruby-plugin:2.14.5-02" was successful.
2018-01-26 10:01:19,930-0300 INFO  [jetty-main-1]  org.sonatype.nexus.NxApplication - Plugin manager request "ACTIVATE" on plugin "org.sonatype.nexus.plugins:nexus-restlet1x-plugin:2.14.5-02" was successful.
2018-01-26 10:01:19,930-0300 INFO  [jetty-main-1]  org.sonatype.nexus.NxApplication - Plugin manager request "ACTIVATE" on plugin "org.sonatype.nexus.plugins:nexus-timeline-plugin:2.14.5-02" was successful.
2018-01-26 10:01:19,930-0300 INFO  [jetty-main-1]  org.sonatype.nexus.NxApplication - Plugin manager request "ACTIVATE" on plugin "com.sonatype.nexus.plugins:nexus-healthcheck-oss-plugin:2.14.5-02" was successful.
2018-01-26 10:01:19,930-0300 INFO  [jetty-main-1]  org.sonatype.nexus.NxApplication - Plugin manager request "ACTIVATE" on plugin "com.sonatype.nexus.plugins:nexus-migrationagent-plugin:2.14.5-02" was successful.
2018-01-26 10:01:19,930-0300 INFO  [jetty-main-1]  org.sonatype.nexus.NxApplication - Plugin manager request "ACTIVATE" on plugin "org.sonatype.nexus.plugins:nexus-ui-extjs3-plugin:2.14.5-02" was successful.
2018-01-26 10:01:19,930-0300 INFO  [jetty-main-1]  org.sonatype.nexus.NxApplication - Plugin manager request "ACTIVATE" on plugin "org.sonatype.nexus.plugins:nexus-kazuki-plugin:2.14.5-02" was successful.
2018-01-26 10:01:19,930-0300 INFO  [jetty-main-1]  org.sonatype.nexus.NxApplication - Plugin manager request "ACTIVATE" on plugin "org.sonatype.nexus.plugins:nexus-ldap-realm-plugin:2.14.5-02" was successful.
2018-01-26 10:01:19,930-0300 INFO  [jetty-main-1]  org.sonatype.nexus.NxApplication - Plugin manager request "ACTIVATE" on plugin "org.sonatype.nexus.plugins:nexus-plugin-console-plugin:2.14.5-02" was successful.
2018-01-26 10:01:19,930-0300 INFO  [jetty-main-1]  org.sonatype.nexus.events.EventSubscriberHost - Starting
2018-01-26 10:01:20,253-0300 INFO  [jetty-main-1]  org.sonatype.nexus.apachehttpclient.Hc4ProviderImpl - Started (connectionPoolMaxSize 200, connectionPoolSize 20, connectionPoolIdleTime 30000 ms, connectionPoolTimeout 30000 ms, keepAliveMaxDuration 30000 ms)
2018-01-26 10:01:20,266-0300 INFO  [jetty-main-1]  org.sonatype.nexus.timeline.DefaultNexusTimeline - Initializing Nexus Timeline...
2018-01-26 10:01:20,266-0300 INFO  [jetty-main-1]  org.sonatype.nexus.timeline.DefaultNexusTimeline - Starting Nexus Timeline...
2018-01-26 10:01:20,413-0300 INFO  [jetty-main-1]  org.sonatype.timeline.internal.DefaultTimeline - Started Timeline...
2018-01-26 10:01:20,693-0300 INFO  [jetty-main-1]  org.sonatype.nexus.orient.DatabaseServerImpl - OrientDB version: 2.1.14
2018-01-26 10:01:20,708-0300 INFO  [jetty-main-1]  com.orientechnologies.orient.server.OServer - OrientDB Server v2.1.14 is starting up...
2018-01-26 10:01:20,714-0300 INFO  [jetty-main-1]  com.orientechnologies.orient.server.OServer - Databases directory: /Users/franciscozuccala/Downloads/nexus-2.14.5-02-bundle/sonatype-work/nexus/db
2018-01-26 10:01:20,719-0300 INFO  [jetty-main-1]  com.orientechnologies.orient.server.handler.OJMXPlugin - JMX plugin installed and active: profilerManaged=true
2018-01-26 10:01:20,720-0300 INFO  [jetty-main-1]  com.orientechnologies.orient.server.OServer - OrientDB Server v2.1.14 is active.
2018-01-26 10:01:20,720-0300 INFO  [jetty-main-1]  org.sonatype.nexus.orient.DatabaseServerImpl - Activated
2018-01-26 10:01:20,720-0300 INFO  [jetty-main-1]  org.sonatype.nexus.configuration.application.DefaultNexusConfiguration - Loading Nexus Configuration...
2018-01-26 10:01:20,730-0300 INFO  [jetty-main-1]  org.sonatype.nexus.configuration.source.StaticConfigurationSource - Configuration loaded successfully.
2018-01-26 10:01:20,731-0300 WARN  [jetty-main-1]  org.sonatype.nexus.configuration.source.FileConfigurationSource - No configuration file in place, copying the default one and continuing with it.
2018-01-26 10:01:20,822-0300 INFO  [jetty-main-1]  org.sonatype.nexus.configuration.source.FileConfigurationSource - Configuration loaded successfully.
2018-01-26 10:01:20,855-0300 INFO  [jetty-main-1]  org.sonatype.nexus.configuration.source.FileConfigurationSource - Nexus configuration validated successfully.
2018-01-26 10:01:20,891-0300 INFO  [jetty-main-1]  org.sonatype.nexus.configuration.application.DefaultNexusConfiguration - Applying Nexus Configuration...
2018-01-26 10:01:20,901-0300 INFO  [jetty-main-1]  org.sonatype.security.configuration.source.FileSecurityConfigurationSource - Loading Security configuration from /Users/franciscozuccala/Downloads/nexus-2.14.5-02-bundle/nexus-2.14.5-02/../sonatype-work/nexus/conf/security-configuration.xml
2018-01-26 10:01:20,907-0300 INFO  [jetty-main-1]  org.apache.shiro.cache.ehcache.EhCacheManager - Cache with name 'XmlAuthenticatingRealm.authorizationCache' does not yet exist.  Creating now.
2018-01-26 10:01:20,910-0300 INFO  [jetty-main-1]  org.apache.shiro.cache.ehcache.EhCacheManager - Added EhCache named [XmlAuthenticatingRealm.authorizationCache]
2018-01-26 10:01:20,911-0300 INFO  [jetty-main-1]  org.apache.shiro.cache.ehcache.EhCacheManager - Cache with name 'XmlAuthorizingRealm.authorizationCache' does not yet exist.  Creating now.
2018-01-26 10:01:20,912-0300 INFO  [jetty-main-1]  org.apache.shiro.cache.ehcache.EhCacheManager - Added EhCache named [XmlAuthorizingRealm.authorizationCache]
2018-01-26 10:01:20,930-0300 INFO  [jetty-main-1]  org.sonatype.nexus.proxy.attributes.DefaultLSAttributeStorage - Default FS AttributeStorage in place, using JacksonJSON marshaller. 
2018-01-26 10:01:21,150-0300 INFO  [jetty-main-1]  org.sonatype.nexus.proxy.registry.DefaultRepositoryRegistry - Added repository "Central" [id=central][contentClass=Maven2][mainFacet=org.sonatype.nexus.proxy.maven.MavenProxyRepository]
2018-01-26 10:01:21,168-0300 INFO  [jetty-main-1]  org.sonatype.nexus.proxy.registry.DefaultRepositoryRegistry - Added repository "Apache Snapshots" [id=apache-snapshots][contentClass=Maven2][mainFacet=org.sonatype.nexus.proxy.maven.MavenProxyRepository]
2018-01-26 10:01:21,185-0300 INFO  [jetty-main-1]  org.sonatype.nexus.proxy.registry.DefaultRepositoryRegistry - Added repository "Releases" [id=releases][contentClass=Maven2][mainFacet=org.sonatype.nexus.proxy.maven.MavenHostedRepository]
2018-01-26 10:01:21,201-0300 INFO  [jetty-main-1]  org.sonatype.nexus.proxy.registry.DefaultRepositoryRegistry - Added repository "Snapshots" [id=snapshots][contentClass=Maven2][mainFacet=org.sonatype.nexus.proxy.maven.MavenHostedRepository]
2018-01-26 10:01:21,215-0300 INFO  [jetty-main-1]  org.sonatype.nexus.proxy.registry.DefaultRepositoryRegistry - Added repository "3rd party" [id=thirdparty][contentClass=Maven2][mainFacet=org.sonatype.nexus.proxy.maven.MavenHostedRepository]
2018-01-26 10:01:21,239-0300 INFO  [jetty-main-1]  org.sonatype.nexus.proxy.registry.DefaultRepositoryRegistry - Added repository "Central M1 shadow" [id=central-m1][contentClass=Maven1][mainFacet=org.sonatype.nexus.proxy.maven.MavenShadowRepository]
2018-01-26 10:01:21,265-0300 INFO  [jetty-main-1]  org.sonatype.nexus.proxy.registry.DefaultRepositoryRegistry - Added repository "Public Repositories" [id=public][contentClass=Maven2][mainFacet=org.sonatype.nexus.proxy.repository.GroupRepository]
2018-01-26 10:01:21,265-0300 INFO  [jetty-main-1]  org.sonatype.scheduling.DefaultScheduler - Initializing Scheduler...
2018-01-26 10:01:21,265-0300 INFO  [jetty-main-1]  org.sonatype.nexus.scheduling.internal.DefaultTaskConfigManager - 0 task(s) to load.
2018-01-26 10:01:21,265-0300 INFO  [jetty-main-1]  org.sonatype.nexus.NxApplication - This is 1st start of new Nexus instance.
2018-01-26 10:01:21,266-0300 INFO  [jetty-main-1]  org.sonatype.nexus.NxApplication - Nexus Work Directory : /Users/franciscozuccala/Downloads/nexus-2.14.5-02-bundle/sonatype-work/nexus
2018-01-26 10:01:21,266-0300 INFO  [jetty-main-1]  org.sonatype.nexus.NxApplication - Started Nexus Repository Manager OSS 2.14.5-02
2018-01-26 10:01:21,320-0300 INFO  [ar-4-thread-2] *TASK org.sonatype.nexus.proxy.maven.routing.internal.ManagerImpl - Updated and published prefix file of "Snapshots" [id=snapshots]
2018-01-26 10:01:21,320-0300 INFO  [ar-4-thread-1] *TASK org.sonatype.nexus.proxy.maven.routing.internal.ManagerImpl - Updated and published prefix file of "3rd party" [id=thirdparty]
2018-01-26 10:01:21,320-0300 INFO  [ar-4-thread-4] *TASK org.sonatype.nexus.proxy.maven.routing.internal.ManagerImpl - Updated and published prefix file of "Releases" [id=releases]
2018-01-26 10:01:21,698-0300 INFO  [jetty-main-1]  com.sonatype.nexus.plugins.nuget.odata.NugetODataGalleryMigrator - Starting Nuget DB migration.
2018-01-26 10:01:21,703-0300 INFO  [jetty-main-1]  com.sonatype.nexus.plugins.nuget.odata.NugetODataGalleryMigrator - Starting Nuget DB migration to version 1
2018-01-26 10:01:21,707-0300 INFO  [jetty-main-1]  com.sonatype.nexus.plugins.nuget.odata.NugetODataGalleryMigrator - Completed Nuget DB migration to version 1
2018-01-26 10:01:21,707-0300 INFO  [jetty-main-1]  com.sonatype.nexus.plugins.nuget.odata.NugetODataGalleryMigrator - Starting Nuget DB migration to version 2
2018-01-26 10:01:21,708-0300 INFO  [jetty-main-1]  com.sonatype.nexus.plugins.nuget.odata.NugetODataGalleryMigrator - Completed Nuget DB migration to version 2
2018-01-26 10:01:21,708-0300 INFO  [jetty-main-1]  com.sonatype.nexus.plugins.nuget.odata.NugetODataGalleryMigrator - Starting Nuget DB migration to version 3
2018-01-26 10:01:21,708-0300 INFO  [jetty-main-1]  com.sonatype.nexus.plugins.nuget.odata.NugetODataGalleryMigrator - Completed Nuget DB migration to version 3
2018-01-26 10:01:21,709-0300 INFO  [jetty-main-1]  com.sonatype.nexus.plugins.nuget.odata.NugetODataGalleryMigrator - Starting Nuget DB migration to version 4
2018-01-26 10:01:21,712-0300 INFO  [jetty-main-1]  com.sonatype.nexus.plugins.nuget.odata.NugetODataGalleryMigrator - Completed Nuget DB migration to version 4
2018-01-26 10:01:21,713-0300 INFO  [jetty-main-1]  com.sonatype.nexus.plugins.nuget.odata.NugetODataGalleryMigrator - Starting Nuget DB migration to version 5
2018-01-26 10:01:21,716-0300 INFO  [jetty-main-1]  com.sonatype.nexus.plugins.nuget.odata.NugetODataGalleryMigrator - Completed Nuget DB migration to version 5
2018-01-26 10:01:21,716-0300 INFO  [jetty-main-1]  com.sonatype.nexus.plugins.nuget.odata.NugetODataGalleryMigrator - Starting Nuget DB migration to version 6
2018-01-26 10:01:21,721-0300 INFO  [jetty-main-1]  com.sonatype.nexus.plugins.nuget.odata.NugetODataGalleryMigrator - Completed Nuget DB migration to version 6
2018-01-26 10:01:21,722-0300 INFO  [jetty-main-1]  com.sonatype.nexus.plugins.nuget.odata.NugetODataGalleryMigrator - Starting Nuget DB migration to version 7
2018-01-26 10:01:21,723-0300 INFO  [jetty-main-1]  com.sonatype.nexus.plugins.nuget.odata.NugetODataGalleryMigrator - Completed Nuget DB migration to version 7
2018-01-26 10:01:21,724-0300 INFO  [jetty-main-1]  com.sonatype.nexus.plugins.nuget.odata.NugetODataGalleryMigrator - Starting Nuget DB migration to version 8
2018-01-26 10:01:21,724-0300 INFO  [jetty-main-1]  com.sonatype.nexus.plugins.nuget.odata.NugetODataGalleryMigrator - Completed Nuget DB migration to version 8
2018-01-26 10:01:21,725-0300 INFO  [jetty-main-1]  com.sonatype.nexus.plugins.nuget.odata.NugetODataGalleryMigrator - Starting Nuget DB migration to version 9
2018-01-26 10:01:21,725-0300 INFO  [jetty-main-1]  com.sonatype.nexus.plugins.nuget.odata.NugetODataGalleryMigrator - Completed Nuget DB migration to version 9
2018-01-26 10:01:21,725-0300 INFO  [jetty-main-1]  com.sonatype.nexus.plugins.nuget.odata.NugetODataGalleryMigrator - Completed Nuget DB migration.
2018-01-26 10:01:21,728-0300 INFO  [jetty-main-1]  org.sonatype.nexus.proxy.targets.DefaultTargetRegistryEventInspector - Adding default target for site content class
2018-01-26 10:01:21,728-0300 INFO  [jetty-main-1]  org.sonatype.nexus.proxy.targets.DefaultTargetRegistryEventInspector - Adding default target for npm content class
2018-01-26 10:01:21,728-0300 INFO  [jetty-main-1]  org.sonatype.nexus.proxy.targets.DefaultTargetRegistryEventInspector - Adding default target for nuget content class
2018-01-26 10:01:21,729-0300 INFO  [jetty-main-1]  org.sonatype.nexus.proxy.targets.DefaultTargetRegistryEventInspector - Adding default target for rubygems content class
2018-01-26 10:01:21,730-0300 INFO  [jetty-main-1]  org.sonatype.nexus.configuration.application.DefaultNexusConfiguration - Applying Nexus Configuration due to changes in [Repository Target Registry]...
2018-01-26 10:01:21,749-0300 INFO  [jetty-main-1]  org.sonatype.nexus.webapp.WebappBootstrap - Initialized
2018-01-26 10:01:21,961-0300 INFO  [jetty-main-1]  org.sonatype.nexus.rest.NexusApplication_UriMatching - Strict URI matching: true
2018-01-26 10:01:22,037-0300 INFO  [jetty-main-1]  org.sonatype.nexus.configuration.ModelUtils - Loading model /Users/franciscozuccala/Downloads/nexus-2.14.5-02-bundle/sonatype-work/nexus/conf/ldap.xml
2018-01-26 10:01:22,057-0300 INFO  [jetty-main-1]  org.sonatype.nexus.configuration.ModelUtils - Loading model /Users/franciscozuccala/Downloads/nexus-2.14.5-02-bundle/sonatype-work/nexus/conf/lvo-plugin.xml
2018-01-26 10:01:22,194-0300 INFO  [jetty-main-1]  org.sonatype.nexus.plugins.siesta.SiestaModule - Resources:
2018-01-26 10:01:22,194-0300 INFO  [jetty-main-1]  org.sonatype.nexus.plugins.siesta.SiestaModule -   /service/siesta/analytics/events
2018-01-26 10:01:22,194-0300 INFO  [jetty-main-1]  org.sonatype.nexus.plugins.siesta.SiestaModule -   /service/siesta/analytics/settings
2018-01-26 10:01:22,194-0300 INFO  [jetty-main-1]  org.sonatype.nexus.plugins.siesta.SiestaModule -   /service/siesta/atlas/security-diagnostic
2018-01-26 10:01:22,194-0300 INFO  [jetty-main-1]  org.sonatype.nexus.plugins.siesta.SiestaModule -   /service/siesta/atlas/support-zip
2018-01-26 10:01:22,194-0300 INFO  [jetty-main-1]  org.sonatype.nexus.plugins.siesta.SiestaModule -   /service/siesta/atlas/system-information
2018-01-26 10:01:22,194-0300 INFO  [jetty-main-1]  org.sonatype.nexus.plugins.siesta.SiestaModule -   /service/siesta/capabilities
2018-01-26 10:01:22,194-0300 INFO  [jetty-main-1]  org.sonatype.nexus.plugins.siesta.SiestaModule -   /service/siesta/capabilities/stores
2018-01-26 10:01:22,194-0300 INFO  [jetty-main-1]  org.sonatype.nexus.plugins.siesta.SiestaModule -   /service/siesta/capabilities/types
2018-01-26 10:01:22,195-0300 INFO  [jetty-main-1]  org.sonatype.nexus.plugins.siesta.SiestaModule -   /service/siesta/healthcheck/gaDetails
2018-01-26 10:01:22,195-0300 INFO  [jetty-main-1]  org.sonatype.nexus.plugins.siesta.SiestaModule -   /service/siesta/healthcheck/gavDetails
2018-01-26 10:01:22,195-0300 INFO  [jetty-main-1]  org.sonatype.nexus.plugins.siesta.SiestaModule -   /service/siesta/healthcheck/healthCheckEula
2018-01-26 10:01:22,195-0300 INFO  [jetty-main-1]  org.sonatype.nexus.plugins.siesta.SiestaModule -   /service/siesta/healthcheck/healthCheckInfo
2018-01-26 10:01:22,195-0300 INFO  [jetty-main-1]  org.sonatype.nexus.plugins.siesta.SiestaModule -   /service/siesta/healthcheck/healthCheckStatus
2018-01-26 10:01:22,195-0300 INFO  [jetty-main-1]  org.sonatype.nexus.plugins.siesta.SiestaModule -   /service/siesta/healthcheck/healthCheckSummary/{repositoryId}/{path:.*}
2018-01-26 10:01:22,195-0300 INFO  [jetty-main-1]  org.sonatype.nexus.plugins.siesta.SiestaModule -   /service/siesta/logging/log
2018-01-26 10:01:22,195-0300 INFO  [jetty-main-1]  org.sonatype.nexus.plugins.siesta.SiestaModule -   /service/siesta/logging/loggers
2018-01-26 10:01:22,195-0300 INFO  [jetty-main-1]  org.sonatype.nexus.plugins.siesta.SiestaModule -   /service/siesta/migrationagent/configuration
2018-01-26 10:01:22,195-0300 INFO  [jetty-main-1]  org.sonatype.nexus.plugins.siesta.SiestaModule -   /service/siesta/migrationagent/repository
2018-01-26 10:01:22,195-0300 INFO  [jetty-main-1]  org.sonatype.nexus.plugins.siesta.SiestaModule -   /service/siesta/migrationagent/repository-changelog
2018-01-26 10:01:22,195-0300 INFO  [jetty-main-1]  org.sonatype.nexus.plugins.siesta.SiestaModule -   /service/siesta/migrationagent/repository-content
2018-01-26 10:01:22,195-0300 INFO  [jetty-main-1]  org.sonatype.nexus.plugins.siesta.SiestaModule -   /service/siesta/migrationagent/repository-migration
2018-01-26 10:01:22,195-0300 INFO  [jetty-main-1]  org.sonatype.nexus.plugins.siesta.SiestaModule -   /service/siesta/migrationagent/status
2018-01-26 10:01:22,195-0300 INFO  [jetty-main-1]  org.sonatype.nexus.plugins.siesta.SiestaModule -   /service/siesta/wonderland/authenticate
2018-01-26 10:01:22,195-0300 INFO  [jetty-main-1]  org.sonatype.nexus.plugins.siesta.SiestaModule -   /service/siesta/wonderland/download
2018-01-26 10:01:22,195-0300 INFO  [jetty-main-1]  org.sonatype.nexus.plugins.siesta.SiestaModule -   /service/siesta/wonderland/settings
2018-01-26 10:01:22,195-0300 INFO  [jetty-main-1]  org.sonatype.nexus.plugins.siesta.SiestaModule - Components:
2018-01-26 10:01:22,195-0300 INFO  [jetty-main-1]  org.sonatype.nexus.plugins.siesta.SiestaModule -   org.sonatype.nexus.plugins.capabilities.internal.rest.CapabilityNotFoundExceptionMapper
2018-01-26 10:01:22,195-0300 INFO  [jetty-main-1]  org.sonatype.nexus.plugins.siesta.SiestaModule -   org.sonatype.nexus.plugins.siesta.AuthorizationExceptionMapper
2018-01-26 10:01:22,195-0300 INFO  [jetty-main-1]  org.sonatype.nexus.plugins.siesta.SiestaModule -   org.sonatype.nexus.plugins.siesta.ErrorStatusRuntimeExceptionMapper
2018-01-26 10:01:22,195-0300 INFO  [jetty-main-1]  org.sonatype.nexus.plugins.siesta.SiestaModule -   org.sonatype.nexus.plugins.siesta.InvalidConfigurationExceptionMapper
2018-01-26 10:01:22,195-0300 INFO  [jetty-main-1]  org.sonatype.nexus.plugins.siesta.SiestaModule -   org.sonatype.nexus.plugins.siesta.NoSuchRepositoryExceptionMapper
2018-01-26 10:01:22,195-0300 INFO  [jetty-main-1]  org.sonatype.nexus.plugins.siesta.SiestaModule -   org.sonatype.sisu.siesta.jackson.JacksonProvider
2018-01-26 10:01:22,196-0300 INFO  [jetty-main-1]  org.sonatype.nexus.plugins.siesta.SiestaModule -   org.sonatype.sisu.siesta.server.internal.mappers.BadRequestExceptionMapper
2018-01-26 10:01:22,196-0300 INFO  [jetty-main-1]  org.sonatype.nexus.plugins.siesta.SiestaModule -   org.sonatype.sisu.siesta.server.internal.mappers.ConstraintViolationExceptionMapper
2018-01-26 10:01:22,196-0300 INFO  [jetty-main-1]  org.sonatype.nexus.plugins.siesta.SiestaModule -   org.sonatype.sisu.siesta.server.internal.mappers.InvalidObjectExceptionMapper
2018-01-26 10:01:22,196-0300 INFO  [jetty-main-1]  org.sonatype.nexus.plugins.siesta.SiestaModule -   org.sonatype.sisu.siesta.server.internal.mappers.ObjectNotFoundExceptionMapper
2018-01-26 10:01:22,196-0300 INFO  [jetty-main-1]  org.sonatype.nexus.plugins.siesta.SiestaModule -   org.sonatype.sisu.siesta.server.internal.mappers.ThrowableExceptionMapper
2018-01-26 10:01:22,196-0300 INFO  [jetty-main-1]  org.sonatype.nexus.plugins.siesta.SiestaModule -   org.sonatype.sisu.siesta.server.internal.mappers.ValidationErrorsExceptionMapper
2018-01-26 10:01:22,196-0300 INFO  [jetty-main-1]  org.sonatype.nexus.plugins.siesta.SiestaModule -   org.sonatype.sisu.siesta.server.internal.mappers.WebApplicationExceptionMapper
2018-01-26 10:01:22,196-0300 INFO  [jetty-main-1]  org.sonatype.nexus.plugins.siesta.SiestaModule -   org.sonatype.sisu.siesta.server.internal.mappers.WebApplicationMessageExceptionMapper
2018-01-26 10:01:22,505-0300 INFO  [ar-4-thread-5] *TASK org.sonatype.nexus.proxy.storage.remote.httpclient.HttpClientRemoteStorage - Initializing remote transport for proxy repository "Apache Snapshots" [id=apache-snapshots]...
2018-01-26 10:01:22,733-0300 INFO  [jetty-main-1]  org.sonatype.nexus.webresources.internal.WebResourceServiceImpl - Discovered 1971 resources
2018-01-26 10:01:22,734-0300 INFO  [jetty-main-1]  org.sonatype.nexus.webresources.internal.WebResourceServlet - Max-age: 30 days (2592000 seconds)
2018-01-26 10:01:22,760-0300 INFO  [jetty-main-1]  org.sonatype.nexus.bootstrap.jetty.InstrumentedSelectChannelConnector - Metrics enabled
2018-01-26 10:01:22,792-0300 INFO  [jetty-main-1]  org.eclipse.jetty.server.AbstractConnector - Started InstrumentedSelectChannelConnector@0.0.0.0:8081
2018-01-26 10:01:22,792-0300 INFO  [WrapperListener_start_runner]  org.sonatype.nexus.bootstrap.jetty.JettyServer - Started
2018-01-26 10:01:22,793-0300 INFO  [jetty-main-1]  org.sonatype.nexus.bootstrap.jetty.JettyServer - Running
2018-01-26 10:01:22,996-0300 INFO  [ar-4-thread-3] *TASK org.sonatype.nexus.proxy.storage.remote.httpclient.HttpClientRemoteStorage - Initializing remote transport for proxy repository "Central" [id=central]...
2018-01-26 10:01:23,742-0300 INFO  [ar-4-thread-4] *TASK org.sonatype.nexus.proxy.maven.routing.internal.ManagerImpl - Updated and published prefix file of "Public Repositories" [id=public]
2018-01-26 10:01:59,181-0300 INFO  [qtp2127018267-50]  org.apache.shiro.nexus5727.FixedDefaultWebSessionManager - Global session timeout: 1800000 ms
2018-01-26 10:01:59,182-0300 INFO  [qtp2127018267-50]  org.apache.shiro.session.mgt.AbstractValidatingSessionManager - Enabling session validation scheduler...
2018-01-26 10:01:59,214-0300 INFO  [qtp2127018267-50] *UNKNOWN org.sonatype.nexus.velocity.VelocityEngineProvider - Creating Nexus VelocityEngine
2018-01-26 10:02:00,315-0300 WARN  [qtp2127018267-54] *UNKNOWN org.sonatype.security.model.source.FileModelConfigurationSource - No configuration file in place, copying the default one and continuing with it.
2018-01-26 10:02:00,318-0300 INFO  [qtp2127018267-54] *UNKNOWN org.sonatype.security.model.source.FileModelConfigurationSource - Loading security configuration from: /Users/franciscozuccala/Downloads/nexus-2.14.5-02-bundle/nexus-2.14.5-02/../sonatype-work/nexus/conf/security.xml
2018-01-26 10:02:00,331-0300 INFO  [qtp2127018267-55] *UNKNOWN /nexus - nexus: [Noelios Restlet Engine] - Attaching application: org.sonatype.nexus.rest.NexusApplication@27ed3bb4 to URI: /nexus/service/local
2018-01-26 10:02:35,927-0300 INFO  [WrapperListener_stop_runner]  org.sonatype.nexus.bootstrap.jsw.JswLauncher - Stopping with code: 0
2018-01-26 10:02:35,928-0300 INFO  [WrapperListener_stop_runner]  org.sonatype.nexus.bootstrap.jetty.JettyServer - Stopping
2018-01-26 10:02:35,928-0300 INFO  [WrapperListener_stop_runner]  org.sonatype.nexus.bootstrap.jetty.JettyServer - Stopping: org.eclipse.jetty.server.Server@65bb54e2
2018-01-26 10:02:35,928-0300 INFO  [WrapperListener_stop_runner]  org.eclipse.jetty.server.Server - Graceful shutdown InstrumentedSelectChannelConnector@0.0.0.0:8081
2018-01-26 10:02:35,930-0300 INFO  [WrapperListener_stop_runner]  org.eclipse.jetty.server.Server - Graceful shutdown o.e.j.w.WebAppContext{/nexus,file:/Users/franciscozuccala/Downloads/nexus-2.14.5-02-bundle/nexus-2.14.5-02/nexus/},/Users/franciscozuccala/Downloads/nexus-2.14.5-02-bundle/nexus-2.14.5-02/nexus
2018-01-26 10:02:36,950-0300 INFO  [WrapperListener_stop_runner]  org.sonatype.nexus.webapp.WebappBootstrap - Destroying
2018-01-26 10:02:36,956-0300 INFO  [WrapperListener_stop_runner]  org.sonatype.nexus.NxApplication - Uptime: 1 minute, 29 seconds and 439 milliseconds
2018-01-26 10:02:36,958-0300 INFO  [WrapperListener_stop_runner]  org.sonatype.scheduling.DefaultScheduler - Shutting down Scheduler...
2018-01-26 10:02:36,960-0300 INFO  [WrapperListener_stop_runner]  org.sonatype.nexus.index.DefaultIndexerManager - Shutting down Nexus IndexerManager
2018-01-26 10:02:36,977-0300 INFO  [WrapperListener_stop_runner]  org.sonatype.nexus.timeline.DefaultNexusTimeline - Stopping Nexus Timeline...
2018-01-26 10:02:36,978-0300 INFO  [WrapperListener_stop_runner]  org.sonatype.timeline.internal.DefaultTimeline - Stopped Timeline...
2018-01-26 10:02:36,978-0300 INFO  [WrapperListener_stop_runner]  org.sonatype.nexus.apachehttpclient.Hc4ProviderImpl - Stopped
2018-01-26 10:02:36,993-0300 INFO  [WrapperListener_stop_runner]  org.sonatype.nexus.events.EventSubscriberHost - Stopping
2018-01-26 10:02:36,996-0300 INFO  [WrapperListener_stop_runner]  org.apache.shiro.session.mgt.AbstractValidatingSessionManager - Disabled session validation scheduler.
2018-01-26 10:02:36,997-0300 INFO  [WrapperListener_stop_runner]  com.orientechnologies.orient.server.OServer - OrientDB Server is shutting down...
2018-01-26 10:02:36,997-0300 INFO  [WrapperListener_stop_runner]  com.orientechnologies.orient.server.OServer - Shutting down protocols
2018-01-26 10:02:36,997-0300 INFO  [WrapperListener_stop_runner]  com.orientechnologies.orient.server.plugin.OServerPluginManager - Shutting down plugins:
2018-01-26 10:02:36,998-0300 INFO  [WrapperListener_stop_runner]  com.orientechnologies.orient.server.plugin.OServerPluginManager - - jmx
2018-01-26 10:02:36,998-0300 INFO  [WrapperListener_stop_runner]  com.orientechnologies.orient.server.OServer - Shutting down databases:
2018-01-26 10:02:37,328-0300 INFO  [WrapperListener_stop_runner]  com.orientechnologies.orient.core.Orient - OrientDB Engine shutdown complete
2018-01-26 10:02:37,329-0300 INFO  [WrapperListener_stop_runner]  com.orientechnologies.orient.server.OServer - OrientDB Server shutdown complete
2018-01-26 10:02:37,329-0300 INFO  [WrapperListener_stop_runner]  org.sonatype.nexus.orient.DatabaseServerImpl - Shutdown
2018-01-26 10:02:37,329-0300 INFO  [WrapperListener_stop_runner]  org.sonatype.nexus.NxApplication - Stopped Nexus Repository Manager OSS 2.14.5-02
2018-01-26 10:02:37,341-0300 INFO  [WrapperListener_stop_runner]  org.sonatype.nexus.webapp.WebappBootstrap - Destroyed
2018-01-26 10:02:37,342-0300 INFO  [WrapperListener_stop_runner]  org.eclipse.jetty.server.handler.ContextHandler - stopped o.e.j.w.WebAppContext{/nexus,file:/Users/franciscozuccala/Downloads/nexus-2.14.5-02-bundle/nexus-2.14.5-02/nexus/},/Users/franciscozuccala/Downloads/nexus-2.14.5-02-bundle/nexus-2.14.5-02/nexus
2018-01-26 10:02:37,393-0300 INFO  [WrapperListener_stop_runner]  org.sonatype.nexus.bootstrap.jetty.JettyServer - Stopped
2018-01-26 10:02:44,810-0300 INFO  [jetty-main-1]  org.sonatype.nexus.events.EventSubscriberHost - Initialized
2018-01-26 10:02:44,814-0300 INFO  [jetty-main-1]  org.sonatype.nexus.NxApplication - 
-------------------------------------------------

Initializing Nexus Repository Manager OSS 2.14.5-02

-------------------------------------------------
2018-01-26 10:02:44,814-0300 INFO  [jetty-main-1]  org.sonatype.nexus.NxApplication - Activating locally installed plugins...
2018-01-26 10:02:46,123-0300 INFO  [jetty-main-1]  com.sun.jersey.server.impl.application.WebApplicationImpl - Initiating Jersey application, version 'Jersey: 1.17.1 02/28/2013 12:47 PM'
2018-01-26 10:02:48,173-0300 INFO  [jetty-main-1]  org.sonatype.nexus.kazuki.KazukiPlugin - Kazuki version: 0.1.8
2018-01-26 10:02:49,571-0300 INFO  [jetty-main-1]  org.sonatype.nexus.proxy.registry.DefaultRepositoryTypeRegistry - Registered Repository type RepositoryType=(org.sonatype.nexus.proxy.repository.WebSiteRepository:site).
2018-01-26 10:02:49,682-0300 INFO  [jetty-main-1]  org.sonatype.nexus.proxy.registry.DefaultRepositoryTypeRegistry - Registered Repository type RepositoryType=(org.sonatype.nexus.proxy.repository.GroupRepository:npm-group).
2018-01-26 10:02:49,682-0300 INFO  [jetty-main-1]  org.sonatype.nexus.proxy.registry.DefaultRepositoryTypeRegistry - Registered Repository type RepositoryType=(org.sonatype.nexus.proxy.repository.Repository:npm-hosted).
2018-01-26 10:02:49,682-0300 INFO  [jetty-main-1]  org.sonatype.nexus.proxy.registry.DefaultRepositoryTypeRegistry - Registered Repository type RepositoryType=(org.sonatype.nexus.proxy.repository.Repository:npm-proxy).
2018-01-26 10:02:49,797-0300 INFO  [jetty-main-1]  org.sonatype.nexus.proxy.registry.DefaultRepositoryTypeRegistry - Registered Repository type RepositoryType=(org.sonatype.nexus.proxy.repository.ShadowRepository:nuget-shadow).
2018-01-26 10:02:49,798-0300 INFO  [jetty-main-1]  org.sonatype.nexus.proxy.registry.DefaultRepositoryTypeRegistry - Registered Repository type RepositoryType=(org.sonatype.nexus.proxy.repository.GroupRepository:nuget-group).
2018-01-26 10:02:49,798-0300 INFO  [jetty-main-1]  org.sonatype.nexus.proxy.registry.DefaultRepositoryTypeRegistry - Registered Repository type RepositoryType=(org.sonatype.nexus.proxy.repository.Repository:nuget-proxy).
2018-01-26 10:02:50,582-0300 INFO  [jetty-main-1]  org.sonatype.nexus.proxy.registry.DefaultRepositoryTypeRegistry - Registered Repository type RepositoryType=(org.sonatype.nexus.proxy.repository.GroupRepository:rubygems-group).
2018-01-26 10:02:50,583-0300 INFO  [jetty-main-1]  org.sonatype.nexus.proxy.registry.DefaultRepositoryTypeRegistry - Registered Repository type RepositoryType=(org.sonatype.nexus.proxy.repository.Repository:rubygems-hosted).
2018-01-26 10:02:50,583-0300 INFO  [jetty-main-1]  org.sonatype.nexus.proxy.registry.DefaultRepositoryTypeRegistry - Registered Repository type RepositoryType=(org.sonatype.nexus.proxy.repository.Repository:rubygems-proxy).
2018-01-26 10:02:52,558-0300 INFO  [jetty-main-1]  org.sonatype.nexus.NxApplication - Plugin manager request "ACTIVATE" on plugin "org.sonatype.nexus.plugins:nexus-atlas-plugin:2.14.5-02" was successful.
2018-01-26 10:02:52,558-0300 INFO  [jetty-main-1]  org.sonatype.nexus.NxApplication - Plugin manager request "ACTIVATE" on plugin "org.sonatype.nexus.plugins:nexus-rrb-plugin:2.14.5-02" was successful.
2018-01-26 10:02:52,558-0300 INFO  [jetty-main-1]  org.sonatype.nexus.NxApplication - Plugin manager request "ACTIVATE" on plugin "org.sonatype.nexus.plugins:nexus-h2-plugin:2.14.5-02" was successful.
2018-01-26 10:02:52,559-0300 INFO  [jetty-main-1]  org.sonatype.nexus.NxApplication - Plugin manager request "ACTIVATE" on plugin "com.sonatype.nexus.plugins:nexus-outreach-plugin:2.14.5-02" was successful.
2018-01-26 10:02:52,559-0300 INFO  [jetty-main-1]  org.sonatype.nexus.NxApplication - Plugin manager request "ACTIVATE" on plugin "org.sonatype.nexus.plugins:nexus-siesta-plugin:2.14.5-02" was successful.
2018-01-26 10:02:52,559-0300 INFO  [jetty-main-1]  org.sonatype.nexus.NxApplication - Plugin manager request "ACTIVATE" on plugin "org.sonatype.nexus.plugins:nexus-archetype-plugin:2.14.5-02" was successful.
2018-01-26 10:02:52,559-0300 INFO  [jetty-main-1]  org.sonatype.nexus.NxApplication - Plugin manager request "ACTIVATE" on plugin "org.sonatype.nexus.plugins:nexus-groovy-plugin:2.14.5-02" was successful.
2018-01-26 10:02:52,559-0300 INFO  [jetty-main-1]  org.sonatype.nexus.NxApplication - Plugin manager request "ACTIVATE" on plugin "org.sonatype.nexus.plugins:nexus-crypto-plugin:2.14.5-02" was successful.
2018-01-26 10:02:52,559-0300 INFO  [jetty-main-1]  org.sonatype.nexus.NxApplication - Plugin manager request "ACTIVATE" on plugin "org.sonatype.nexus.plugins:nexus-content-plugin:2.14.5-02" was successful.
2018-01-26 10:02:52,559-0300 INFO  [jetty-main-1]  org.sonatype.nexus.NxApplication - Plugin manager request "ACTIVATE" on plugin "org.sonatype.nexus.plugins:nexus-lvo-plugin:2.14.5-02" was successful.
2018-01-26 10:02:52,559-0300 INFO  [jetty-main-1]  org.sonatype.nexus.NxApplication - Plugin manager request "ACTIVATE" on plugin "org.sonatype.nexus.plugins:nexus-orient-plugin:2.14.5-02" was successful.
2018-01-26 10:02:52,559-0300 INFO  [jetty-main-1]  org.sonatype.nexus.NxApplication - Plugin manager request "ACTIVATE" on plugin "org.sonatype.nexus.plugins:nexus-webresources-plugin:2.14.5-02" was successful.
2018-01-26 10:02:52,559-0300 INFO  [jetty-main-1]  org.sonatype.nexus.NxApplication - Plugin manager request "ACTIVATE" on plugin "org.sonatype.nexus.plugins:nexus-site-repository-plugin:2.14.5-02" was successful.
2018-01-26 10:02:52,559-0300 INFO  [jetty-main-1]  org.sonatype.nexus.NxApplication - Plugin manager request "ACTIVATE" on plugin "org.sonatype.nexus.plugins:nexus-rutauth-plugin:2.14.5-02" was successful.
2018-01-26 10:02:52,559-0300 INFO  [jetty-main-1]  org.sonatype.nexus.NxApplication - Plugin manager request "ACTIVATE" on plugin "org.sonatype.nexus.plugins:nexus-capabilities-plugin:2.14.5-02" was successful.
2018-01-26 10:02:52,559-0300 INFO  [jetty-main-1]  org.sonatype.nexus.NxApplication - Plugin manager request "ACTIVATE" on plugin "org.sonatype.nexus.plugins:nexus-npm-repository-plugin:2.14.5-02" was successful.
2018-01-26 10:02:52,559-0300 INFO  [jetty-main-1]  org.sonatype.nexus.NxApplication - Plugin manager request "ACTIVATE" on plugin "com.sonatype.nexus.plugins:nexus-nuget-plugin:2.14.5-02" was successful.
2018-01-26 10:02:52,559-0300 INFO  [jetty-main-1]  org.sonatype.nexus.NxApplication - Plugin manager request "ACTIVATE" on plugin "org.sonatype.nexus.plugins:nexus-wonderland-plugin:2.14.5-02" was successful.
2018-01-26 10:02:52,559-0300 INFO  [jetty-main-1]  org.sonatype.nexus.NxApplication - Plugin manager request "ACTIVATE" on plugin "org.sonatype.nexus.plugins:nexus-yum-repository-plugin:2.14.5-02" was successful.
2018-01-26 10:02:52,559-0300 INFO  [jetty-main-1]  org.sonatype.nexus.NxApplication - Plugin manager request "ACTIVATE" on plugin "org.sonatype.nexus.plugins:nexus-maven-bridge-plugin:2.14.5-02" was successful.
2018-01-26 10:02:52,559-0300 INFO  [jetty-main-1]  org.sonatype.nexus.NxApplication - Plugin manager request "ACTIVATE" on plugin "com.sonatype.nexus.plugins:nexus-analytics-plugin:2.14.5-02" was successful.
2018-01-26 10:02:52,559-0300 INFO  [jetty-main-1]  org.sonatype.nexus.NxApplication - Plugin manager request "ACTIVATE" on plugin "org.sonatype.nexus.plugins:nexus-logging-plugin:2.14.5-02" was successful.
2018-01-26 10:02:52,560-0300 INFO  [jetty-main-1]  org.sonatype.nexus.NxApplication - Plugin manager request "ACTIVATE" on plugin "org.sonatype.nexus.plugins:nexus-indexer-lucene-plugin:2.14.5-02" was successful.
2018-01-26 10:02:52,560-0300 INFO  [jetty-main-1]  org.sonatype.nexus.NxApplication - Plugin manager request "ACTIVATE" on plugin "org.sonatype.nexus.plugins:nexus-ruby-plugin:2.14.5-02" was successful.
2018-01-26 10:02:52,560-0300 INFO  [jetty-main-1]  org.sonatype.nexus.NxApplication - Plugin manager request "ACTIVATE" on plugin "org.sonatype.nexus.plugins:nexus-restlet1x-plugin:2.14.5-02" was successful.
2018-01-26 10:02:52,560-0300 INFO  [jetty-main-1]  org.sonatype.nexus.NxApplication - Plugin manager request "ACTIVATE" on plugin "org.sonatype.nexus.plugins:nexus-timeline-plugin:2.14.5-02" was successful.
2018-01-26 10:02:52,560-0300 INFO  [jetty-main-1]  org.sonatype.nexus.NxApplication - Plugin manager request "ACTIVATE" on plugin "com.sonatype.nexus.plugins:nexus-healthcheck-oss-plugin:2.14.5-02" was successful.
2018-01-26 10:02:52,560-0300 INFO  [jetty-main-1]  org.sonatype.nexus.NxApplication - Plugin manager request "ACTIVATE" on plugin "com.sonatype.nexus.plugins:nexus-migrationagent-plugin:2.14.5-02" was successful.
2018-01-26 10:02:52,560-0300 INFO  [jetty-main-1]  org.sonatype.nexus.NxApplication - Plugin manager request "ACTIVATE" on plugin "org.sonatype.nexus.plugins:nexus-ui-extjs3-plugin:2.14.5-02" was successful.
2018-01-26 10:02:52,560-0300 INFO  [jetty-main-1]  org.sonatype.nexus.NxApplication - Plugin manager request "ACTIVATE" on plugin "org.sonatype.nexus.plugins:nexus-kazuki-plugin:2.14.5-02" was successful.
2018-01-26 10:02:52,560-0300 INFO  [jetty-main-1]  org.sonatype.nexus.NxApplication - Plugin manager request "ACTIVATE" on plugin "org.sonatype.nexus.plugins:nexus-ldap-realm-plugin:2.14.5-02" was successful.
2018-01-26 10:02:52,561-0300 INFO  [jetty-main-1]  org.sonatype.nexus.NxApplication - Plugin manager request "ACTIVATE" on plugin "org.sonatype.nexus.plugins:nexus-plugin-console-plugin:2.14.5-02" was successful.
2018-01-26 10:02:52,561-0300 INFO  [jetty-main-1]  org.sonatype.nexus.events.EventSubscriberHost - Starting
2018-01-26 10:02:53,183-0300 INFO  [jetty-main-1]  org.sonatype.nexus.apachehttpclient.Hc4ProviderImpl - Started (connectionPoolMaxSize 200, connectionPoolSize 20, connectionPoolIdleTime 30000 ms, connectionPoolTimeout 30000 ms, keepAliveMaxDuration 30000 ms)
2018-01-26 10:02:53,200-0300 INFO  [jetty-main-1]  org.sonatype.nexus.timeline.DefaultNexusTimeline - Initializing Nexus Timeline...
2018-01-26 10:02:53,201-0300 INFO  [jetty-main-1]  org.sonatype.nexus.timeline.DefaultNexusTimeline - Starting Nexus Timeline...
2018-01-26 10:02:53,561-0300 INFO  [jetty-main-1]  org.sonatype.timeline.internal.DefaultTimeline - Started Timeline...
2018-01-26 10:02:54,041-0300 INFO  [jetty-main-1]  org.sonatype.nexus.orient.DatabaseServerImpl - OrientDB version: 2.1.14
2018-01-26 10:02:54,063-0300 INFO  [jetty-main-1]  com.orientechnologies.orient.server.OServer - OrientDB Server v2.1.14 is starting up...
2018-01-26 10:02:54,069-0300 INFO  [jetty-main-1]  com.orientechnologies.orient.server.OServer - Databases directory: /Users/franciscozuccala/Downloads/nexus-2.14.5-02-bundle/sonatype-work/nexus/db
2018-01-26 10:02:54,079-0300 INFO  [jetty-main-1]  com.orientechnologies.orient.server.handler.OJMXPlugin - JMX plugin installed and active: profilerManaged=true
2018-01-26 10:02:54,081-0300 INFO  [jetty-main-1]  com.orientechnologies.orient.server.OServer - OrientDB Server v2.1.14 is active.
2018-01-26 10:02:54,081-0300 INFO  [jetty-main-1]  org.sonatype.nexus.orient.DatabaseServerImpl - Activated
2018-01-26 10:02:54,081-0300 INFO  [jetty-main-1]  org.sonatype.nexus.configuration.application.DefaultNexusConfiguration - Loading Nexus Configuration...
2018-01-26 10:02:54,104-0300 INFO  [jetty-main-1]  org.sonatype.nexus.configuration.source.StaticConfigurationSource - Configuration loaded successfully.
2018-01-26 10:02:54,108-0300 INFO  [jetty-main-1]  org.sonatype.nexus.configuration.source.FileConfigurationSource - Configuration loaded successfully.
2018-01-26 10:02:54,217-0300 INFO  [jetty-main-1]  org.sonatype.nexus.configuration.source.FileConfigurationSource - Nexus configuration validated successfully.
2018-01-26 10:02:54,259-0300 INFO  [jetty-main-1]  org.sonatype.nexus.configuration.application.DefaultNexusConfiguration - Applying Nexus Configuration...
2018-01-26 10:02:54,265-0300 INFO  [jetty-main-1]  org.sonatype.security.configuration.source.FileSecurityConfigurationSource - Loading Security configuration from /Users/franciscozuccala/Downloads/nexus-2.14.5-02-bundle/nexus-2.14.5-02/../sonatype-work/nexus/conf/security-configuration.xml
2018-01-26 10:02:54,275-0300 INFO  [jetty-main-1]  org.apache.shiro.cache.ehcache.EhCacheManager - Cache with name 'XmlAuthenticatingRealm.authorizationCache' does not yet exist.  Creating now.
2018-01-26 10:02:54,276-0300 INFO  [jetty-main-1]  org.apache.shiro.cache.ehcache.EhCacheManager - Added EhCache named [XmlAuthenticatingRealm.authorizationCache]
2018-01-26 10:02:54,277-0300 INFO  [jetty-main-1]  org.apache.shiro.cache.ehcache.EhCacheManager - Cache with name 'XmlAuthorizingRealm.authorizationCache' does not yet exist.  Creating now.
2018-01-26 10:02:54,278-0300 INFO  [jetty-main-1]  org.apache.shiro.cache.ehcache.EhCacheManager - Added EhCache named [XmlAuthorizingRealm.authorizationCache]
2018-01-26 10:02:54,344-0300 INFO  [jetty-main-1]  org.sonatype.nexus.proxy.attributes.DefaultLSAttributeStorage - Default FS AttributeStorage in place, using JacksonJSON marshaller. 
2018-01-26 10:02:54,869-0300 INFO  [jetty-main-1]  org.sonatype.nexus.proxy.registry.DefaultRepositoryRegistry - Added repository "Central" [id=central][contentClass=Maven2][mainFacet=org.sonatype.nexus.proxy.maven.MavenProxyRepository]
2018-01-26 10:02:54,904-0300 INFO  [jetty-main-1]  org.sonatype.nexus.proxy.registry.DefaultRepositoryRegistry - Added repository "Apache Snapshots" [id=apache-snapshots][contentClass=Maven2][mainFacet=org.sonatype.nexus.proxy.maven.MavenProxyRepository]
2018-01-26 10:02:54,939-0300 INFO  [jetty-main-1]  org.sonatype.nexus.proxy.registry.DefaultRepositoryRegistry - Added repository "Releases" [id=releases][contentClass=Maven2][mainFacet=org.sonatype.nexus.proxy.maven.MavenHostedRepository]
2018-01-26 10:02:55,017-0300 INFO  [jetty-main-1]  org.sonatype.nexus.proxy.registry.DefaultRepositoryRegistry - Added repository "Snapshots" [id=snapshots][contentClass=Maven2][mainFacet=org.sonatype.nexus.proxy.maven.MavenHostedRepository]
2018-01-26 10:02:55,062-0300 INFO  [jetty-main-1]  org.sonatype.nexus.proxy.registry.DefaultRepositoryRegistry - Added repository "3rd party" [id=thirdparty][contentClass=Maven2][mainFacet=org.sonatype.nexus.proxy.maven.MavenHostedRepository]
2018-01-26 10:02:55,086-0300 INFO  [jetty-main-1]  org.sonatype.nexus.proxy.registry.DefaultRepositoryRegistry - Added repository "Central M1 shadow" [id=central-m1][contentClass=Maven1][mainFacet=org.sonatype.nexus.proxy.maven.MavenShadowRepository]
2018-01-26 10:02:55,167-0300 INFO  [jetty-main-1]  org.sonatype.nexus.proxy.registry.DefaultRepositoryRegistry - Added repository "Public Repositories" [id=public][contentClass=Maven2][mainFacet=org.sonatype.nexus.proxy.repository.GroupRepository]
2018-01-26 10:02:55,167-0300 INFO  [jetty-main-1]  org.sonatype.scheduling.DefaultScheduler - Initializing Scheduler...
2018-01-26 10:02:55,167-0300 INFO  [jetty-main-1]  org.sonatype.nexus.scheduling.internal.DefaultTaskConfigManager - 0 task(s) to load.
2018-01-26 10:02:55,167-0300 INFO  [jetty-main-1]  org.sonatype.nexus.NxApplication - Nexus Work Directory : /Users/franciscozuccala/Downloads/nexus-2.14.5-02-bundle/sonatype-work/nexus
2018-01-26 10:02:55,167-0300 INFO  [jetty-main-1]  org.sonatype.nexus.NxApplication - Started Nexus Repository Manager OSS 2.14.5-02
2018-01-26 10:02:56,112-0300 INFO  [jetty-main-1]  com.sonatype.nexus.plugins.nuget.odata.NugetODataGalleryMigrator - Starting Nuget DB migration.
2018-01-26 10:02:56,116-0300 INFO  [jetty-main-1]  com.sonatype.nexus.plugins.nuget.odata.NugetODataGalleryMigrator - Completed Nuget DB migration.
2018-01-26 10:02:56,215-0300 INFO  [jetty-main-1]  org.sonatype.nexus.webapp.WebappBootstrap - Initialized
2018-01-26 10:02:56,522-0300 INFO  [jetty-main-1]  org.sonatype.nexus.rest.NexusApplication_UriMatching - Strict URI matching: true
2018-01-26 10:02:56,639-0300 INFO  [jetty-main-1]  org.sonatype.nexus.configuration.ModelUtils - Loading model /Users/franciscozuccala/Downloads/nexus-2.14.5-02-bundle/sonatype-work/nexus/conf/ldap.xml
2018-01-26 10:02:56,679-0300 INFO  [jetty-main-1]  org.sonatype.nexus.configuration.ModelUtils - Loading model /Users/franciscozuccala/Downloads/nexus-2.14.5-02-bundle/sonatype-work/nexus/conf/lvo-plugin.xml
2018-01-26 10:02:57,005-0300 INFO  [jetty-main-1]  org.sonatype.nexus.plugins.siesta.SiestaModule - Resources:
2018-01-26 10:02:57,005-0300 INFO  [jetty-main-1]  org.sonatype.nexus.plugins.siesta.SiestaModule -   /service/siesta/analytics/events
2018-01-26 10:02:57,006-0300 INFO  [jetty-main-1]  org.sonatype.nexus.plugins.siesta.SiestaModule -   /service/siesta/analytics/settings
2018-01-26 10:02:57,006-0300 INFO  [jetty-main-1]  org.sonatype.nexus.plugins.siesta.SiestaModule -   /service/siesta/atlas/security-diagnostic
2018-01-26 10:02:57,007-0300 INFO  [jetty-main-1]  org.sonatype.nexus.plugins.siesta.SiestaModule -   /service/siesta/atlas/support-zip
2018-01-26 10:02:57,008-0300 INFO  [jetty-main-1]  org.sonatype.nexus.plugins.siesta.SiestaModule -   /service/siesta/atlas/system-information
2018-01-26 10:02:57,008-0300 INFO  [jetty-main-1]  org.sonatype.nexus.plugins.siesta.SiestaModule -   /service/siesta/capabilities
2018-01-26 10:02:57,008-0300 INFO  [jetty-main-1]  org.sonatype.nexus.plugins.siesta.SiestaModule -   /service/siesta/capabilities/stores
2018-01-26 10:02:57,009-0300 INFO  [jetty-main-1]  org.sonatype.nexus.plugins.siesta.SiestaModule -   /service/siesta/capabilities/types
2018-01-26 10:02:57,009-0300 INFO  [jetty-main-1]  org.sonatype.nexus.plugins.siesta.SiestaModule -   /service/siesta/healthcheck/gaDetails
2018-01-26 10:02:57,009-0300 INFO  [jetty-main-1]  org.sonatype.nexus.plugins.siesta.SiestaModule -   /service/siesta/healthcheck/gavDetails
2018-01-26 10:02:57,009-0300 INFO  [jetty-main-1]  org.sonatype.nexus.plugins.siesta.SiestaModule -   /service/siesta/healthcheck/healthCheckEula
2018-01-26 10:02:57,009-0300 INFO  [jetty-main-1]  org.sonatype.nexus.plugins.siesta.SiestaModule -   /service/siesta/healthcheck/healthCheckInfo
2018-01-26 10:02:57,009-0300 INFO  [jetty-main-1]  org.sonatype.nexus.plugins.siesta.SiestaModule -   /service/siesta/healthcheck/healthCheckStatus
2018-01-26 10:02:57,009-0300 INFO  [jetty-main-1]  org.sonatype.nexus.plugins.siesta.SiestaModule -   /service/siesta/healthcheck/healthCheckSummary/{repositoryId}/{path:.*}
2018-01-26 10:02:57,009-0300 INFO  [jetty-main-1]  org.sonatype.nexus.plugins.siesta.SiestaModule -   /service/siesta/logging/log
2018-01-26 10:02:57,009-0300 INFO  [jetty-main-1]  org.sonatype.nexus.plugins.siesta.SiestaModule -   /service/siesta/logging/loggers
2018-01-26 10:02:57,009-0300 INFO  [jetty-main-1]  org.sonatype.nexus.plugins.siesta.SiestaModule -   /service/siesta/migrationagent/configuration
2018-01-26 10:02:57,009-0300 INFO  [jetty-main-1]  org.sonatype.nexus.plugins.siesta.SiestaModule -   /service/siesta/migrationagent/repository
2018-01-26 10:02:57,009-0300 INFO  [jetty-main-1]  org.sonatype.nexus.plugins.siesta.SiestaModule -   /service/siesta/migrationagent/repository-changelog
2018-01-26 10:02:57,010-0300 INFO  [jetty-main-1]  org.sonatype.nexus.plugins.siesta.SiestaModule -   /service/siesta/migrationagent/repository-content
2018-01-26 10:02:57,010-0300 INFO  [jetty-main-1]  org.sonatype.nexus.plugins.siesta.SiestaModule -   /service/siesta/migrationagent/repository-migration
2018-01-26 10:02:57,010-0300 INFO  [jetty-main-1]  org.sonatype.nexus.plugins.siesta.SiestaModule -   /service/siesta/migrationagent/status
2018-01-26 10:02:57,010-0300 INFO  [jetty-main-1]  org.sonatype.nexus.plugins.siesta.SiestaModule -   /service/siesta/wonderland/authenticate
2018-01-26 10:02:57,010-0300 INFO  [jetty-main-1]  org.sonatype.nexus.plugins.siesta.SiestaModule -   /service/siesta/wonderland/download
2018-01-26 10:02:57,010-0300 INFO  [jetty-main-1]  org.sonatype.nexus.plugins.siesta.SiestaModule -   /service/siesta/wonderland/settings
2018-01-26 10:02:57,010-0300 INFO  [jetty-main-1]  org.sonatype.nexus.plugins.siesta.SiestaModule - Components:
2018-01-26 10:02:57,010-0300 INFO  [jetty-main-1]  org.sonatype.nexus.plugins.siesta.SiestaModule -   org.sonatype.nexus.plugins.capabilities.internal.rest.CapabilityNotFoundExceptionMapper
2018-01-26 10:02:57,010-0300 INFO  [jetty-main-1]  org.sonatype.nexus.plugins.siesta.SiestaModule -   org.sonatype.nexus.plugins.siesta.AuthorizationExceptionMapper
2018-01-26 10:02:57,010-0300 INFO  [jetty-main-1]  org.sonatype.nexus.plugins.siesta.SiestaModule -   org.sonatype.nexus.plugins.siesta.ErrorStatusRuntimeExceptionMapper
2018-01-26 10:02:57,010-0300 INFO  [jetty-main-1]  org.sonatype.nexus.plugins.siesta.SiestaModule -   org.sonatype.nexus.plugins.siesta.InvalidConfigurationExceptionMapper
2018-01-26 10:02:57,010-0300 INFO  [jetty-main-1]  org.sonatype.nexus.plugins.siesta.SiestaModule -   org.sonatype.nexus.plugins.siesta.NoSuchRepositoryExceptionMapper
2018-01-26 10:02:57,010-0300 INFO  [jetty-main-1]  org.sonatype.nexus.plugins.siesta.SiestaModule -   org.sonatype.sisu.siesta.jackson.JacksonProvider
2018-01-26 10:02:57,010-0300 INFO  [jetty-main-1]  org.sonatype.nexus.plugins.siesta.SiestaModule -   org.sonatype.sisu.siesta.server.internal.mappers.BadRequestExceptionMapper
2018-01-26 10:02:57,010-0300 INFO  [jetty-main-1]  org.sonatype.nexus.plugins.siesta.SiestaModule -   org.sonatype.sisu.siesta.server.internal.mappers.ConstraintViolationExceptionMapper
2018-01-26 10:02:57,010-0300 INFO  [jetty-main-1]  org.sonatype.nexus.plugins.siesta.SiestaModule -   org.sonatype.sisu.siesta.server.internal.mappers.InvalidObjectExceptionMapper
2018-01-26 10:02:57,010-0300 INFO  [jetty-main-1]  org.sonatype.nexus.plugins.siesta.SiestaModule -   org.sonatype.sisu.siesta.server.internal.mappers.ObjectNotFoundExceptionMapper
2018-01-26 10:02:57,010-0300 INFO  [jetty-main-1]  org.sonatype.nexus.plugins.siesta.SiestaModule -   org.sonatype.sisu.siesta.server.internal.mappers.ThrowableExceptionMapper
2018-01-26 10:02:57,011-0300 INFO  [jetty-main-1]  org.sonatype.nexus.plugins.siesta.SiestaModule -   org.sonatype.sisu.siesta.server.internal.mappers.ValidationErrorsExceptionMapper
2018-01-26 10:02:57,011-0300 INFO  [jetty-main-1]  org.sonatype.nexus.plugins.siesta.SiestaModule -   org.sonatype.sisu.siesta.server.internal.mappers.WebApplicationExceptionMapper
2018-01-26 10:02:57,011-0300 INFO  [jetty-main-1]  org.sonatype.nexus.plugins.siesta.SiestaModule -   org.sonatype.sisu.siesta.server.internal.mappers.WebApplicationMessageExceptionMapper
2018-01-26 10:02:57,979-0300 INFO  [jetty-main-1]  org.sonatype.nexus.webresources.internal.WebResourceServiceImpl - Discovered 1971 resources
2018-01-26 10:02:57,980-0300 INFO  [jetty-main-1]  org.sonatype.nexus.webresources.internal.WebResourceServlet - Max-age: 30 days (2592000 seconds)
2018-01-26 10:02:58,025-0300 INFO  [jetty-main-1]  org.sonatype.nexus.bootstrap.jetty.InstrumentedSelectChannelConnector - Metrics enabled
2018-01-26 10:02:58,057-0300 INFO  [jetty-main-1]  org.eclipse.jetty.server.AbstractConnector - Started InstrumentedSelectChannelConnector@0.0.0.0:8081
2018-01-26 10:02:58,058-0300 INFO  [jetty-main-1]  org.sonatype.nexus.bootstrap.jetty.JettyServer - Running
2018-01-26 10:02:58,058-0300 INFO  [WrapperListener_start_runner]  org.sonatype.nexus.bootstrap.jetty.JettyServer - Started
2018-01-26 10:07:44,480-0300 INFO  [qtp1040120659-48]  org.apache.shiro.nexus5727.FixedDefaultWebSessionManager - Global session timeout: 1800000 ms
2018-01-26 10:07:44,481-0300 INFO  [qtp1040120659-48]  org.apache.shiro.session.mgt.AbstractValidatingSessionManager - Enabling session validation scheduler...
2018-01-26 10:07:44,492-0300 INFO  [qtp1040120659-48] *UNKNOWN org.sonatype.security.model.source.FileModelConfigurationSource - Loading security configuration from: /Users/franciscozuccala/Downloads/nexus-2.14.5-02-bundle/nexus-2.14.5-02/../sonatype-work/nexus/conf/security.xml
2018-01-26 10:07:44,560-0300 INFO  [qtp1040120659-48]  org.sonatype.nexus.velocity.VelocityEngineProvider - Creating Nexus VelocityEngine
2018-01-26 10:07:59,382-0300 INFO  [qtp1040120659-49] *UNKNOWN /nexus - nexus: [Noelios Restlet Engine] - Attaching application: org.sonatype.nexus.rest.NexusApplication@5a023948 to URI: /nexus/service/local
2018-01-26 10:07:59,845-0300 INFO  [proxy-3-thread-1] anonymous org.sonatype.nexus.proxy.storage.remote.httpclient.HttpClientRemoteStorage - Initializing remote transport for proxy repository "Central" [id=central]...
2018-01-26 10:07:59,845-0300 INFO  [proxy-3-thread-2] anonymous org.sonatype.nexus.proxy.storage.remote.httpclient.HttpClientRemoteStorage - Initializing remote transport for proxy repository "Apache Snapshots" [id=apache-snapshots]...
2018-01-26 10:08:29,025-0300 INFO  [WrapperListener_stop_runner]  org.sonatype.nexus.bootstrap.jsw.JswLauncher - Stopping with code: 0
2018-01-26 10:08:29,026-0300 INFO  [WrapperListener_stop_runner]  org.sonatype.nexus.bootstrap.jetty.JettyServer - Stopping
2018-01-26 10:08:29,026-0300 INFO  [WrapperListener_stop_runner]  org.sonatype.nexus.bootstrap.jetty.JettyServer - Stopping: org.eclipse.jetty.server.Server@a420d35
2018-01-26 10:08:29,026-0300 INFO  [WrapperListener_stop_runner]  org.eclipse.jetty.server.Server - Graceful shutdown InstrumentedSelectChannelConnector@0.0.0.0:8081
2018-01-26 10:08:29,027-0300 INFO  [SIGINT handler]  com.orientechnologies.orient.core.OSignalHandler - Received signal: SIGINT
2018-01-26 10:08:29,028-0300 INFO  [WrapperListener_stop_runner]  org.eclipse.jetty.server.Server - Graceful shutdown o.e.j.w.WebAppContext{/nexus,file:/Users/franciscozuccala/Downloads/nexus-2.14.5-02-bundle/nexus-2.14.5-02/nexus/},/Users/franciscozuccala/Downloads/nexus-2.14.5-02-bundle/nexus-2.14.5-02/nexus
2018-01-26 10:08:29,113-0300 INFO  [Wrapper-Control-Event-Monitor]  org.sonatype.nexus.bootstrap.jsw.JswLauncher - Received control event: 200
2018-01-26 10:08:30,045-0300 INFO  [WrapperListener_stop_runner]  org.sonatype.nexus.webapp.WebappBootstrap - Destroying
2018-01-26 10:08:30,052-0300 INFO  [WrapperListener_stop_runner]  org.sonatype.nexus.NxApplication - Uptime: 5 minutes, 48 seconds and 663 milliseconds
2018-01-26 10:08:30,054-0300 INFO  [WrapperListener_stop_runner]  org.sonatype.scheduling.DefaultScheduler - Shutting down Scheduler...
2018-01-26 10:08:30,057-0300 INFO  [WrapperListener_stop_runner]  org.sonatype.nexus.apachehttpclient.Hc4ProviderImpl - Stopped
2018-01-26 10:08:30,067-0300 INFO  [WrapperListener_stop_runner]  org.sonatype.nexus.index.DefaultIndexerManager - Shutting down Nexus IndexerManager
2018-01-26 10:08:30,084-0300 INFO  [WrapperListener_stop_runner]  org.sonatype.nexus.timeline.DefaultNexusTimeline - Stopping Nexus Timeline...
2018-01-26 10:08:30,088-0300 INFO  [WrapperListener_stop_runner]  org.sonatype.timeline.internal.DefaultTimeline - Stopped Timeline...
2018-01-26 10:08:30,095-0300 INFO  [WrapperListener_stop_runner]  org.sonatype.nexus.events.EventSubscriberHost - Stopping
2018-01-26 10:08:30,096-0300 INFO  [WrapperListener_stop_runner]  org.apache.shiro.session.mgt.AbstractValidatingSessionManager - Disabled session validation scheduler.
2018-01-26 10:08:30,097-0300 INFO  [WrapperListener_stop_runner]  com.orientechnologies.orient.server.OServer - OrientDB Server is shutting down...
2018-01-26 10:08:30,097-0300 INFO  [WrapperListener_stop_runner]  com.orientechnologies.orient.server.OServer - Shutting down protocols
2018-01-26 10:08:30,098-0300 INFO  [WrapperListener_stop_runner]  com.orientechnologies.orient.server.plugin.OServerPluginManager - Shutting down plugins:
2018-01-26 10:08:30,098-0300 INFO  [WrapperListener_stop_runner]  com.orientechnologies.orient.server.plugin.OServerPluginManager - - jmx
2018-01-26 10:08:30,099-0300 INFO  [WrapperListener_stop_runner]  com.orientechnologies.orient.server.OServer - Shutting down databases:
2018-01-26 10:08:30,443-0300 INFO  [WrapperListener_stop_runner]  com.orientechnologies.orient.core.Orient - OrientDB Engine shutdown complete
2018-01-26 10:08:30,443-0300 INFO  [WrapperListener_stop_runner]  com.orientechnologies.orient.server.OServer - OrientDB Server shutdown complete
2018-01-26 10:08:30,443-0300 INFO  [WrapperListener_stop_runner]  org.sonatype.nexus.orient.DatabaseServerImpl - Shutdown
2018-01-26 10:08:30,443-0300 INFO  [WrapperListener_stop_runner]  org.sonatype.nexus.NxApplication - Stopped Nexus Repository Manager OSS 2.14.5-02
2018-01-26 10:08:30,462-0300 INFO  [WrapperListener_stop_runner]  org.sonatype.nexus.webapp.WebappBootstrap - Destroyed
2018-01-26 10:08:30,463-0300 INFO  [WrapperListener_stop_runner]  org.eclipse.jetty.server.handler.ContextHandler - stopped o.e.j.w.WebAppContext{/nexus,file:/Users/franciscozuccala/Downloads/nexus-2.14.5-02-bundle/nexus-2.14.5-02/nexus/},/Users/franciscozuccala/Downloads/nexus-2.14.5-02-bundle/nexus-2.14.5-02/nexus
2018-01-26 10:08:30,516-0300 INFO  [WrapperListener_stop_runner]  org.sonatype.nexus.bootstrap.jetty.JettyServer - Stopped
